<?xml version="1.0" encoding="UTF-8"?>
<testng-results ignored="21" total="22" passed="1" failed="0" skipped="0">
  <reporter-output>
  </reporter-output>
  <suite started-at="2023-12-03T01:20:54 ICT" name="Default Suite" finished-at="2023-12-03T01:21:00 ICT" duration-ms="6637">
    <groups>
    </groups>
    <test started-at="2023-12-03T01:20:54 ICT" name="JLearningAutomation" finished-at="2023-12-03T01:21:00 ICT" duration-ms="6637">
      <class name="jlearning.RegisterTest">
        <test-method is-config="true" signature="preCondition()[pri:0, instance:jlearning.RegisterTest@10f7918f]" started-at="2023-12-03T01:20:54 ICT" name="preCondition" finished-at="2023-12-03T01:20:56 ICT" duration-ms="2636" status="PASS">
          <reporter-output>
          </reporter-output>
        </test-method> <!-- preCondition -->
        <test-method signature="TC24()[pri:0, instance:jlearning.RegisterTest@10f7918f]" started-at="2023-12-03T01:20:57 ICT" name="TC24" finished-at="2023-12-03T01:21:00 ICT" duration-ms="3753" status="PASS">
          <reporter-output>
          </reporter-output>
        </test-method> <!-- TC24 -->
        <test-method is-config="true" signature="postCondition()[pri:0, instance:jlearning.RegisterTest@10f7918f]" started-at="2023-12-03T01:21:00 ICT" name="postCondition" finished-at="2023-12-03T01:21:00 ICT" duration-ms="1" status="PASS">
          <reporter-output>
          </reporter-output>
        </test-method> <!-- postCondition -->
      </class> <!-- jlearning.RegisterTest -->
    </test> <!-- JLearningAutomation -->
  </suite> <!-- Default Suite -->
</testng-results>
